
[2025-04-23] [15:19:45]
Resolution:
	<VideoInfo(hw = 0, wm = 1,video_mem = 0
         blit_hw = 0, blit_hw_CC = 0, blit_hw_A = 0,
         blit_sw = 0, blit_sw_CC = 0, blit_sw_A = 0,
         bitsize  = 32, bytesize = 4,
         masks =  (0x00ff0000, 0x0000ff00, 0x000000ff, 0x00000000),
         shifts = (16, 8, 0, 0),
         losses =  (0, 0, 0, 8),
         current_w = 1536, current_h = 864
         pixel_format = SDL_PIXELFORMAT_RGB888)
>
Resolution X:	1536 px
Resolution Y:	803 px
PyClock:	<Clock(fps=0.00)>
CurrentTime:	1151
Epoch:	1745414385.2765675
PyGame Version:	2.6.1


[2025-04-23] [15:34:16]
Resolution:
	<VideoInfo(hw = 0, wm = 1,video_mem = 0
         blit_hw = 0, blit_hw_CC = 0, blit_hw_A = 0,
         blit_sw = 0, blit_sw_CC = 0, blit_sw_A = 0,
         bitsize  = 32, bytesize = 4,
         masks =  (0x00ff0000, 0x0000ff00, 0x000000ff, 0x00000000),
         shifts = (16, 8, 0, 0),
         losses =  (0, 0, 0, 8),
         current_w = 1536, current_h = 864
         pixel_format = SDL_PIXELFORMAT_RGB888)
>
Resolution X:	1536 px
Resolution Y:	803 px
PyClock:	<Clock(fps=0.00)>
CurrentTime:	1060
Epoch:	1745415256.0014548
PyGame Version:	2.6.1


[2025-04-23] [15:34:36]
Resolution:
	<VideoInfo(hw = 0, wm = 1,video_mem = 0
         blit_hw = 0, blit_hw_CC = 0, blit_hw_A = 0,
         blit_sw = 0, blit_sw_CC = 0, blit_sw_A = 0,
         bitsize  = 32, bytesize = 4,
         masks =  (0x00ff0000, 0x0000ff00, 0x000000ff, 0x00000000),
         shifts = (16, 8, 0, 0),
         losses =  (0, 0, 0, 8),
         current_w = 1536, current_h = 864
         pixel_format = SDL_PIXELFORMAT_RGB888)
>
Resolution X:	1536 px
Resolution Y:	803 px
PyClock:	<Clock(fps=0.00)>
CurrentTime:	557
Epoch:	1745415276.1448975
PyGame Version:	2.6.1


[2025-04-23] [15:35:05]
Resolution:
	<VideoInfo(hw = 0, wm = 1,video_mem = 0
         blit_hw = 0, blit_hw_CC = 0, blit_hw_A = 0,
         blit_sw = 0, blit_sw_CC = 0, blit_sw_A = 0,
         bitsize  = 32, bytesize = 4,
         masks =  (0x00ff0000, 0x0000ff00, 0x000000ff, 0x00000000),
         shifts = (16, 8, 0, 0),
         losses =  (0, 0, 0, 8),
         current_w = 1536, current_h = 864
         pixel_format = SDL_PIXELFORMAT_RGB888)
>
Resolution X:	1536 px
Resolution Y:	803 px
PyClock:	<Clock(fps=0.00)>
CurrentTime:	1033
Epoch:	1745415305.9618855
PyGame Version:	2.6.1


[2025-04-23] [15:35:20]
Resolution:
	<VideoInfo(hw = 0, wm = 1,video_mem = 0
         blit_hw = 0, blit_hw_CC = 0, blit_hw_A = 0,
         blit_sw = 0, blit_sw_CC = 0, blit_sw_A = 0,
         bitsize  = 32, bytesize = 4,
         masks =  (0x00ff0000, 0x0000ff00, 0x000000ff, 0x00000000),
         shifts = (16, 8, 0, 0),
         losses =  (0, 0, 0, 8),
         current_w = 1536, current_h = 864
         pixel_format = SDL_PIXELFORMAT_RGB888)
>
Resolution X:	1536 px
Resolution Y:	803 px
PyClock:	<Clock(fps=0.00)>
CurrentTime:	522
Epoch:	1745415320.7927423
PyGame Version:	2.6.1


[2025-04-23] [15:36:07]
Resolution:
	<VideoInfo(hw = 0, wm = 1,video_mem = 0
         blit_hw = 0, blit_hw_CC = 0, blit_hw_A = 0,
         blit_sw = 0, blit_sw_CC = 0, blit_sw_A = 0,
         bitsize  = 32, bytesize = 4,
         masks =  (0x00ff0000, 0x0000ff00, 0x000000ff, 0x00000000),
         shifts = (16, 8, 0, 0),
         losses =  (0, 0, 0, 8),
         current_w = 1536, current_h = 864
         pixel_format = SDL_PIXELFORMAT_RGB888)
>
Resolution X:	1536 px
Resolution Y:	803 px
PyClock:	<Clock(fps=0.00)>
CurrentTime:	1092
Epoch:	1745415367.2298536
PyGame Version:	2.6.1


[2025-04-23] [15:36:33]
Resolution:
	<VideoInfo(hw = 0, wm = 1,video_mem = 0
         blit_hw = 0, blit_hw_CC = 0, blit_hw_A = 0,
         blit_sw = 0, blit_sw_CC = 0, blit_sw_A = 0,
         bitsize  = 32, bytesize = 4,
         masks =  (0x00ff0000, 0x0000ff00, 0x000000ff, 0x00000000),
         shifts = (16, 8, 0, 0),
         losses =  (0, 0, 0, 8),
         current_w = 1536, current_h = 864
         pixel_format = SDL_PIXELFORMAT_RGB888)
>
Resolution X:	1536 px
Resolution Y:	803 px
PyClock:	<Clock(fps=0.00)>
CurrentTime:	544
Epoch:	1745415393.3161268
PyGame Version:	2.6.1


[2025-04-23] [15:37:13]
Resolution:
	<VideoInfo(hw = 0, wm = 1,video_mem = 0
         blit_hw = 0, blit_hw_CC = 0, blit_hw_A = 0,
         blit_sw = 0, blit_sw_CC = 0, blit_sw_A = 0,
         bitsize  = 32, bytesize = 4,
         masks =  (0x00ff0000, 0x0000ff00, 0x000000ff, 0x00000000),
         shifts = (16, 8, 0, 0),
         losses =  (0, 0, 0, 8),
         current_w = 1536, current_h = 864
         pixel_format = SDL_PIXELFORMAT_RGB888)
>
Resolution X:	1536 px
Resolution Y:	803 px
PyClock:	<Clock(fps=0.00)>
CurrentTime:	1103
Epoch:	1745415433.8436165
PyGame Version:	2.6.1


[2025-04-23] [15:37:46]
Resolution:
	<VideoInfo(hw = 0, wm = 1,video_mem = 0
         blit_hw = 0, blit_hw_CC = 0, blit_hw_A = 0,
         blit_sw = 0, blit_sw_CC = 0, blit_sw_A = 0,
         bitsize  = 32, bytesize = 4,
         masks =  (0x00ff0000, 0x0000ff00, 0x000000ff, 0x00000000),
         shifts = (16, 8, 0, 0),
         losses =  (0, 0, 0, 8),
         current_w = 1536, current_h = 864
         pixel_format = SDL_PIXELFORMAT_RGB888)
>
Resolution X:	1536 px
Resolution Y:	803 px
PyClock:	<Clock(fps=0.00)>
CurrentTime:	1047
Epoch:	1745415466.0293002
PyGame Version:	2.6.1


[2025-04-23] [15:38:15]
Resolution:
	<VideoInfo(hw = 0, wm = 1,video_mem = 0
         blit_hw = 0, blit_hw_CC = 0, blit_hw_A = 0,
         blit_sw = 0, blit_sw_CC = 0, blit_sw_A = 0,
         bitsize  = 32, bytesize = 4,
         masks =  (0x00ff0000, 0x0000ff00, 0x000000ff, 0x00000000),
         shifts = (16, 8, 0, 0),
         losses =  (0, 0, 0, 8),
         current_w = 1536, current_h = 864
         pixel_format = SDL_PIXELFORMAT_RGB888)
>
Resolution X:	1536 px
Resolution Y:	803 px
PyClock:	<Clock(fps=0.00)>
CurrentTime:	1069
Epoch:	1745415495.9355676
PyGame Version:	2.6.1


[2025-04-23] [15:39:54]
Resolution:
	<VideoInfo(hw = 0, wm = 1,video_mem = 0
         blit_hw = 0, blit_hw_CC = 0, blit_hw_A = 0,
         blit_sw = 0, blit_sw_CC = 0, blit_sw_A = 0,
         bitsize  = 32, bytesize = 4,
         masks =  (0x00ff0000, 0x0000ff00, 0x000000ff, 0x00000000),
         shifts = (16, 8, 0, 0),
         losses =  (0, 0, 0, 8),
         current_w = 1536, current_h = 864
         pixel_format = SDL_PIXELFORMAT_RGB888)
>
Resolution X:	1536 px
Resolution Y:	803 px
PyClock:	<Clock(fps=0.00)>
CurrentTime:	1052
Epoch:	1745415594.957988
PyGame Version:	2.6.1


[2025-04-23] [15:40:52]
Resolution:
	<VideoInfo(hw = 0, wm = 1,video_mem = 0
         blit_hw = 0, blit_hw_CC = 0, blit_hw_A = 0,
         blit_sw = 0, blit_sw_CC = 0, blit_sw_A = 0,
         bitsize  = 32, bytesize = 4,
         masks =  (0x00ff0000, 0x0000ff00, 0x000000ff, 0x00000000),
         shifts = (16, 8, 0, 0),
         losses =  (0, 0, 0, 8),
         current_w = 1536, current_h = 864
         pixel_format = SDL_PIXELFORMAT_RGB888)
>
Resolution X:	1536 px
Resolution Y:	803 px
PyClock:	<Clock(fps=0.00)>
CurrentTime:	1079
Epoch:	1745415652.5102794
PyGame Version:	2.6.1


[2025-04-23] [15:41:42]
Resolution:
	<VideoInfo(hw = 0, wm = 1,video_mem = 0
         blit_hw = 0, blit_hw_CC = 0, blit_hw_A = 0,
         blit_sw = 0, blit_sw_CC = 0, blit_sw_A = 0,
         bitsize  = 32, bytesize = 4,
         masks =  (0x00ff0000, 0x0000ff00, 0x000000ff, 0x00000000),
         shifts = (16, 8, 0, 0),
         losses =  (0, 0, 0, 8),
         current_w = 1536, current_h = 864
         pixel_format = SDL_PIXELFORMAT_RGB888)
>
Resolution X:	1536 px
Resolution Y:	803 px
PyClock:	<Clock(fps=0.00)>
CurrentTime:	1065
Epoch:	1745415702.2038395
PyGame Version:	2.6.1


[2025-04-23] [15:42:06]
Resolution:
	<VideoInfo(hw = 0, wm = 1,video_mem = 0
         blit_hw = 0, blit_hw_CC = 0, blit_hw_A = 0,
         blit_sw = 0, blit_sw_CC = 0, blit_sw_A = 0,
         bitsize  = 32, bytesize = 4,
         masks =  (0x00ff0000, 0x0000ff00, 0x000000ff, 0x00000000),
         shifts = (16, 8, 0, 0),
         losses =  (0, 0, 0, 8),
         current_w = 1536, current_h = 864
         pixel_format = SDL_PIXELFORMAT_RGB888)
>
Resolution X:	1536 px
Resolution Y:	803 px
PyClock:	<Clock(fps=0.00)>
CurrentTime:	1066
Epoch:	1745415726.3460119
PyGame Version:	2.6.1


[2025-04-23] [15:42:22]
Resolution:
	<VideoInfo(hw = 0, wm = 1,video_mem = 0
         blit_hw = 0, blit_hw_CC = 0, blit_hw_A = 0,
         blit_sw = 0, blit_sw_CC = 0, blit_sw_A = 0,
         bitsize  = 32, bytesize = 4,
         masks =  (0x00ff0000, 0x0000ff00, 0x000000ff, 0x00000000),
         shifts = (16, 8, 0, 0),
         losses =  (0, 0, 0, 8),
         current_w = 1536, current_h = 864
         pixel_format = SDL_PIXELFORMAT_RGB888)
>
Resolution X:	1536 px
Resolution Y:	803 px
PyClock:	<Clock(fps=0.00)>
CurrentTime:	503
Epoch:	1745415742.104259
PyGame Version:	2.6.1


[2025-04-23] [15:42:42]
Resolution:
	<VideoInfo(hw = 0, wm = 1,video_mem = 0
         blit_hw = 0, blit_hw_CC = 0, blit_hw_A = 0,
         blit_sw = 0, blit_sw_CC = 0, blit_sw_A = 0,
         bitsize  = 32, bytesize = 4,
         masks =  (0x00ff0000, 0x0000ff00, 0x000000ff, 0x00000000),
         shifts = (16, 8, 0, 0),
         losses =  (0, 0, 0, 8),
         current_w = 1536, current_h = 864
         pixel_format = SDL_PIXELFORMAT_RGB888)
>
Resolution X:	1536 px
Resolution Y:	803 px
PyClock:	<Clock(fps=0.00)>
CurrentTime:	508
Epoch:	1745415762.7700498
PyGame Version:	2.6.1


[2025-04-23] [15:44:05]
Resolution:
	<VideoInfo(hw = 0, wm = 1,video_mem = 0
         blit_hw = 0, blit_hw_CC = 0, blit_hw_A = 0,
         blit_sw = 0, blit_sw_CC = 0, blit_sw_A = 0,
         bitsize  = 32, bytesize = 4,
         masks =  (0x00ff0000, 0x0000ff00, 0x000000ff, 0x00000000),
         shifts = (16, 8, 0, 0),
         losses =  (0, 0, 0, 8),
         current_w = 1536, current_h = 864
         pixel_format = SDL_PIXELFORMAT_RGB888)
>
Resolution X:	1536 px
Resolution Y:	803 px
PyClock:	<Clock(fps=0.00)>
CurrentTime:	377
Epoch:	1745415845.5266857
PyGame Version:	2.6.1


[2025-04-23] [15:44:14]
Resolution:
	<VideoInfo(hw = 0, wm = 1,video_mem = 0
         blit_hw = 0, blit_hw_CC = 0, blit_hw_A = 0,
         blit_sw = 0, blit_sw_CC = 0, blit_sw_A = 0,
         bitsize  = 32, bytesize = 4,
         masks =  (0x00ff0000, 0x0000ff00, 0x000000ff, 0x00000000),
         shifts = (16, 8, 0, 0),
         losses =  (0, 0, 0, 8),
         current_w = 1536, current_h = 864
         pixel_format = SDL_PIXELFORMAT_RGB888)
>
Resolution X:	1536 px
Resolution Y:	803 px
PyClock:	<Clock(fps=0.00)>
CurrentTime:	570
Epoch:	1745415854.5696769
PyGame Version:	2.6.1


[2025-04-23] [15:45:04]
Resolution:
	<VideoInfo(hw = 0, wm = 1,video_mem = 0
         blit_hw = 0, blit_hw_CC = 0, blit_hw_A = 0,
         blit_sw = 0, blit_sw_CC = 0, blit_sw_A = 0,
         bitsize  = 32, bytesize = 4,
         masks =  (0x00ff0000, 0x0000ff00, 0x000000ff, 0x00000000),
         shifts = (16, 8, 0, 0),
         losses =  (0, 0, 0, 8),
         current_w = 1536, current_h = 864
         pixel_format = SDL_PIXELFORMAT_RGB888)
>
Resolution X:	1536 px
Resolution Y:	803 px
PyClock:	<Clock(fps=0.00)>
CurrentTime:	1087
Epoch:	1745415904.843199
PyGame Version:	2.6.1


[2025-04-23] [15:46:22]
Resolution:
	<VideoInfo(hw = 0, wm = 1,video_mem = 0
         blit_hw = 0, blit_hw_CC = 0, blit_hw_A = 0,
         blit_sw = 0, blit_sw_CC = 0, blit_sw_A = 0,
         bitsize  = 32, bytesize = 4,
         masks =  (0x00ff0000, 0x0000ff00, 0x000000ff, 0x00000000),
         shifts = (16, 8, 0, 0),
         losses =  (0, 0, 0, 8),
         current_w = 1536, current_h = 864
         pixel_format = SDL_PIXELFORMAT_RGB888)
>
Resolution X:	1536 px
Resolution Y:	803 px
PyClock:	<Clock(fps=0.00)>
CurrentTime:	1058
Epoch:	1745415982.9429607
PyGame Version:	2.6.1


[2025-04-23] [15:48:48]
Resolution:
	<VideoInfo(hw = 0, wm = 1,video_mem = 0
         blit_hw = 0, blit_hw_CC = 0, blit_hw_A = 0,
         blit_sw = 0, blit_sw_CC = 0, blit_sw_A = 0,
         bitsize  = 32, bytesize = 4,
         masks =  (0x00ff0000, 0x0000ff00, 0x000000ff, 0x00000000),
         shifts = (16, 8, 0, 0),
         losses =  (0, 0, 0, 8),
         current_w = 1536, current_h = 864
         pixel_format = SDL_PIXELFORMAT_RGB888)
>
Resolution X:	1536 px
Resolution Y:	803 px
PyClock:	<Clock(fps=0.00)>
CurrentTime:	1067
Epoch:	1745416128.2245536
PyGame Version:	2.6.1


[2025-04-23] [15:50:15]
Resolution:
	<VideoInfo(hw = 0, wm = 1,video_mem = 0
         blit_hw = 0, blit_hw_CC = 0, blit_hw_A = 0,
         blit_sw = 0, blit_sw_CC = 0, blit_sw_A = 0,
         bitsize  = 32, bytesize = 4,
         masks =  (0x00ff0000, 0x0000ff00, 0x000000ff, 0x00000000),
         shifts = (16, 8, 0, 0),
         losses =  (0, 0, 0, 8),
         current_w = 1536, current_h = 864
         pixel_format = SDL_PIXELFORMAT_RGB888)
>
Resolution X:	1536 px
Resolution Y:	803 px
PyClock:	<Clock(fps=0.00)>
CurrentTime:	1058
Epoch:	1745416215.7175715
PyGame Version:	2.6.1


[2025-04-23] [15:52:11]
Resolution:
	<VideoInfo(hw = 0, wm = 1,video_mem = 0
         blit_hw = 0, blit_hw_CC = 0, blit_hw_A = 0,
         blit_sw = 0, blit_sw_CC = 0, blit_sw_A = 0,
         bitsize  = 32, bytesize = 4,
         masks =  (0x00ff0000, 0x0000ff00, 0x000000ff, 0x00000000),
         shifts = (16, 8, 0, 0),
         losses =  (0, 0, 0, 8),
         current_w = 1536, current_h = 864
         pixel_format = SDL_PIXELFORMAT_RGB888)
>
Resolution X:	1536 px
Resolution Y:	803 px
PyClock:	<Clock(fps=0.00)>
CurrentTime:	1069
Epoch:	1745416331.6251504
PyGame Version:	2.6.1


[2025-04-23] [15:54:30]
Resolution:
	<VideoInfo(hw = 0, wm = 1,video_mem = 0
         blit_hw = 0, blit_hw_CC = 0, blit_hw_A = 0,
         blit_sw = 0, blit_sw_CC = 0, blit_sw_A = 0,
         bitsize  = 32, bytesize = 4,
         masks =  (0x00ff0000, 0x0000ff00, 0x000000ff, 0x00000000),
         shifts = (16, 8, 0, 0),
         losses =  (0, 0, 0, 8),
         current_w = 1536, current_h = 864
         pixel_format = SDL_PIXELFORMAT_RGB888)
>
Resolution X:	1536 px
Resolution Y:	803 px
PyClock:	<Clock(fps=0.00)>
CurrentTime:	363
Epoch:	1745416470.845192
PyGame Version:	2.6.1


[2025-04-23] [15:56:08]
Resolution:
	<VideoInfo(hw = 0, wm = 1,video_mem = 0
         blit_hw = 0, blit_hw_CC = 0, blit_hw_A = 0,
         blit_sw = 0, blit_sw_CC = 0, blit_sw_A = 0,
         bitsize  = 32, bytesize = 4,
         masks =  (0x00ff0000, 0x0000ff00, 0x000000ff, 0x00000000),
         shifts = (16, 8, 0, 0),
         losses =  (0, 0, 0, 8),
         current_w = 1536, current_h = 864
         pixel_format = SDL_PIXELFORMAT_RGB888)
>
Resolution X:	1536 px
Resolution Y:	803 px
PyClock:	<Clock(fps=0.00)>
CurrentTime:	398
Epoch:	1745416568.3408053
PyGame Version:	2.6.1


[2025-04-23] [15:56:24]
Resolution:
	<VideoInfo(hw = 0, wm = 1,video_mem = 0
         blit_hw = 0, blit_hw_CC = 0, blit_hw_A = 0,
         blit_sw = 0, blit_sw_CC = 0, blit_sw_A = 0,
         bitsize  = 32, bytesize = 4,
         masks =  (0x00ff0000, 0x0000ff00, 0x000000ff, 0x00000000),
         shifts = (16, 8, 0, 0),
         losses =  (0, 0, 0, 8),
         current_w = 1536, current_h = 864
         pixel_format = SDL_PIXELFORMAT_RGB888)
>
Resolution X:	1536 px
Resolution Y:	803 px
PyClock:	<Clock(fps=0.00)>
CurrentTime:	548
Epoch:	1745416584.8029933
PyGame Version:	2.6.1


[2025-04-23] [15:57:33]
Resolution:
	<VideoInfo(hw = 0, wm = 1,video_mem = 0
         blit_hw = 0, blit_hw_CC = 0, blit_hw_A = 0,
         blit_sw = 0, blit_sw_CC = 0, blit_sw_A = 0,
         bitsize  = 32, bytesize = 4,
         masks =  (0x00ff0000, 0x0000ff00, 0x000000ff, 0x00000000),
         shifts = (16, 8, 0, 0),
         losses =  (0, 0, 0, 8),
         current_w = 1536, current_h = 864
         pixel_format = SDL_PIXELFORMAT_RGB888)
>
Resolution X:	1536 px
Resolution Y:	803 px
PyClock:	<Clock(fps=0.00)>
CurrentTime:	388
Epoch:	1745416653.6442227
PyGame Version:	2.6.1


[2025-04-23] [16:00:42]
Resolution:
	<VideoInfo(hw = 0, wm = 1,video_mem = 0
         blit_hw = 0, blit_hw_CC = 0, blit_hw_A = 0,
         blit_sw = 0, blit_sw_CC = 0, blit_sw_A = 0,
         bitsize  = 32, bytesize = 4,
         masks =  (0x00ff0000, 0x0000ff00, 0x000000ff, 0x00000000),
         shifts = (16, 8, 0, 0),
         losses =  (0, 0, 0, 8),
         current_w = 1536, current_h = 864
         pixel_format = SDL_PIXELFORMAT_RGB888)
>
Resolution X:	1536 px
Resolution Y:	803 px
PyClock:	<Clock(fps=0.00)>
CurrentTime:	1130
Epoch:	1745416842.548845
PyGame Version:	2.6.1


[2025-04-23] [16:02:55]
Resolution:
	<VideoInfo(hw = 0, wm = 1,video_mem = 0
         blit_hw = 0, blit_hw_CC = 0, blit_hw_A = 0,
         blit_sw = 0, blit_sw_CC = 0, blit_sw_A = 0,
         bitsize  = 32, bytesize = 4,
         masks =  (0x00ff0000, 0x0000ff00, 0x000000ff, 0x00000000),
         shifts = (16, 8, 0, 0),
         losses =  (0, 0, 0, 8),
         current_w = 1536, current_h = 864
         pixel_format = SDL_PIXELFORMAT_RGB888)
>
Resolution X:	1536 px
Resolution Y:	803 px
PyClock:	<Clock(fps=0.00)>
CurrentTime:	1063
Epoch:	1745416975.2129245
PyGame Version:	2.6.1


[2025-04-23] [16:05:13]
Resolution:
	<VideoInfo(hw = 0, wm = 1,video_mem = 0
         blit_hw = 0, blit_hw_CC = 0, blit_hw_A = 0,
         blit_sw = 0, blit_sw_CC = 0, blit_sw_A = 0,
         bitsize  = 32, bytesize = 4,
         masks =  (0x00ff0000, 0x0000ff00, 0x000000ff, 0x00000000),
         shifts = (16, 8, 0, 0),
         losses =  (0, 0, 0, 8),
         current_w = 1536, current_h = 864
         pixel_format = SDL_PIXELFORMAT_RGB888)
>
Resolution X:	1536 px
Resolution Y:	803 px
PyClock:	<Clock(fps=0.00)>
CurrentTime:	1102
Epoch:	1745417113.528613
PyGame Version:	2.6.1


[2025-04-23] [16:05:52]
Resolution:
	<VideoInfo(hw = 0, wm = 1,video_mem = 0
         blit_hw = 0, blit_hw_CC = 0, blit_hw_A = 0,
         blit_sw = 0, blit_sw_CC = 0, blit_sw_A = 0,
         bitsize  = 32, bytesize = 4,
         masks =  (0x00ff0000, 0x0000ff00, 0x000000ff, 0x00000000),
         shifts = (16, 8, 0, 0),
         losses =  (0, 0, 0, 8),
         current_w = 1536, current_h = 864
         pixel_format = SDL_PIXELFORMAT_RGB888)
>
Resolution X:	1536 px
Resolution Y:	803 px
PyClock:	<Clock(fps=0.00)>
CurrentTime:	1054
Epoch:	1745417152.1434631
PyGame Version:	2.6.1


[2025-04-23] [16:09:50]
Resolution:
	<VideoInfo(hw = 0, wm = 1,video_mem = 0
         blit_hw = 0, blit_hw_CC = 0, blit_hw_A = 0,
         blit_sw = 0, blit_sw_CC = 0, blit_sw_A = 0,
         bitsize  = 32, bytesize = 4,
         masks =  (0x00ff0000, 0x0000ff00, 0x000000ff, 0x00000000),
         shifts = (16, 8, 0, 0),
         losses =  (0, 0, 0, 8),
         current_w = 1536, current_h = 864
         pixel_format = SDL_PIXELFORMAT_RGB888)
>
Resolution X:	1536 px
Resolution Y:	803 px
PyClock:	<Clock(fps=0.00)>
CurrentTime:	1061
Epoch:	1745417390.7228603
PyGame Version:	2.6.1


[2025-04-23] [16:10:27]
Resolution:
	<VideoInfo(hw = 0, wm = 1,video_mem = 0
         blit_hw = 0, blit_hw_CC = 0, blit_hw_A = 0,
         blit_sw = 0, blit_sw_CC = 0, blit_sw_A = 0,
         bitsize  = 32, bytesize = 4,
         masks =  (0x00ff0000, 0x0000ff00, 0x000000ff, 0x00000000),
         shifts = (16, 8, 0, 0),
         losses =  (0, 0, 0, 8),
         current_w = 1536, current_h = 864
         pixel_format = SDL_PIXELFORMAT_RGB888)
>
Resolution X:	1536 px
Resolution Y:	803 px
PyClock:	<Clock(fps=0.00)>
CurrentTime:	1089
Epoch:	1745417427.50336
PyGame Version:	2.6.1


[2025-04-23] [16:12:13]
Resolution:
	<VideoInfo(hw = 0, wm = 1,video_mem = 0
         blit_hw = 0, blit_hw_CC = 0, blit_hw_A = 0,
         blit_sw = 0, blit_sw_CC = 0, blit_sw_A = 0,
         bitsize  = 32, bytesize = 4,
         masks =  (0x00ff0000, 0x0000ff00, 0x000000ff, 0x00000000),
         shifts = (16, 8, 0, 0),
         losses =  (0, 0, 0, 8),
         current_w = 1536, current_h = 864
         pixel_format = SDL_PIXELFORMAT_RGB888)
>
Resolution X:	1536 px
Resolution Y:	803 px
PyClock:	<Clock(fps=0.00)>
CurrentTime:	1082
Epoch:	1745417533.6134133
PyGame Version:	2.6.1


[2025-04-23] [16:13:26]
Resolution:
	<VideoInfo(hw = 0, wm = 1,video_mem = 0
         blit_hw = 0, blit_hw_CC = 0, blit_hw_A = 0,
         blit_sw = 0, blit_sw_CC = 0, blit_sw_A = 0,
         bitsize  = 32, bytesize = 4,
         masks =  (0x00ff0000, 0x0000ff00, 0x000000ff, 0x00000000),
         shifts = (16, 8, 0, 0),
         losses =  (0, 0, 0, 8),
         current_w = 1536, current_h = 864
         pixel_format = SDL_PIXELFORMAT_RGB888)
>
Resolution X:	1536 px
Resolution Y:	803 px
PyClock:	<Clock(fps=0.00)>
CurrentTime:	386
Epoch:	1745417606.6558726
PyGame Version:	2.6.1

