 
[16:21:30]
Resolution:
	<VideoInfo(hw = 0, wm = 1,video_mem = 0
         blit_hw = 0, blit_hw_CC = 0, blit_hw_A = 0,
         blit_sw = 0, blit_sw_CC = 0, blit_sw_A = 0,
         bitsize  = 32, bytesize = 4,
         masks =  (0x00ff0000, 0x0000ff00, 0x000000ff, 0x00000000),
         shifts = (16, 8, 0, 0),
         losses =  (0, 0, 0, 8),
         current_w = 1536, current_h = 864
         pixel_format = SDL_PIXELFORMAT_RGB888)
>
Resolution X:	1536 px
Resolution Y:	803 px
PyClock:	<Clock(fps=0.00)>
CurrentTime:	1090
Epoch:		1744122090.5169773
PyGame Version:	2.6.1
Database connection status: True, Connection object: <connection object at 0x00000285945CA9B0; dsn: 'user=postgres password=xxx dbname=demo host=localhost port=5432', closed: 0>

[16:22:30]
Resolution:
	<VideoInfo(hw = 0, wm = 1,video_mem = 0
         blit_hw = 0, blit_hw_CC = 0, blit_hw_A = 0,
         blit_sw = 0, blit_sw_CC = 0, blit_sw_A = 0,
         bitsize  = 32, bytesize = 4,
         masks =  (0x00ff0000, 0x0000ff00, 0x000000ff, 0x00000000),
         shifts = (16, 8, 0, 0),
         losses =  (0, 0, 0, 8),
         current_w = 1536, current_h = 864
         pixel_format = SDL_PIXELFORMAT_RGB888)
>
Resolution X:	1536 px
Resolution Y:	803 px
PyClock:	<Clock(fps=208.33)>
CurrentTime:	60573
Epoch:		1744122150.0002751
PyGame Version:	2.6.1
Database connection status: True, Connection object: <connection object at 0x00000285947A59C0; dsn: 'user=postgres password=xxx dbname=demo host=localhost port=5432', closed: 0>
