[10:21:38]
Resolution:
	<VideoInfo(hw = 0, wm = 1,video_mem = 0
         blit_hw = 0, blit_hw_CC = 0, blit_hw_A = 0,
         blit_sw = 0, blit_sw_CC = 0, blit_sw_A = 0,
         bitsize  = 32, bytesize = 4,
         masks =  (0x00ff0000, 0x0000ff00, 0x000000ff, 0x00000000),
         shifts = (16, 8, 0, 0),
         losses =  (0, 0, 0, 8),
         current_w = 1536, current_h = 864
         pixel_format = SDL_PIXELFORMAT_RGB888)
>
Resolution X:	1536 px
Resolution Y:	803 px
PyClock:	<Clock(fps=0.00)>
CurrentTime:	1127
Epoch:	1744014098.6639497
PyGame Version:	2.6.1
[10:21:38]Database connection status: True, Connection object: <connection object at 0x0000020892FE2790; dsn: 'user=postgres password=xxx dbname='' host=localhost port=5432', closed: 0>
[10:22:38]
Resolution:
	<VideoInfo(hw = 0, wm = 1,video_mem = 0
         blit_hw = 0, blit_hw_CC = 0, blit_hw_A = 0,
         blit_sw = 0, blit_sw_CC = 0, blit_sw_A = 0,
         bitsize  = 32, bytesize = 4,
         masks =  (0x00ff0000, 0x0000ff00, 0x000000ff, 0x00000000),
         shifts = (16, 8, 0, 0),
         losses =  (0, 0, 0, 8),
         current_w = 1536, current_h = 864
         pixel_format = SDL_PIXELFORMAT_RGB888)
>
Resolution X:	1536 px
Resolution Y:	803 px
PyClock:	<Clock(fps=0.00)>
CurrentTime:	60470
Epoch:	1744014158.0063336
PyGame Version:	2.6.1
[10:22:38]Database connection status: True, Connection object: <connection object at 0x00000208932317A0; dsn: 'user=postgres password=xxx dbname='' host=localhost port=5432', closed: 0>
[10:23:38]
Resolution:
	<VideoInfo(hw = 0, wm = 1,video_mem = 0
         blit_hw = 0, blit_hw_CC = 0, blit_hw_A = 0,
         blit_sw = 0, blit_sw_CC = 0, blit_sw_A = 0,
         bitsize  = 32, bytesize = 4,
         masks =  (0x00ff0000, 0x0000ff00, 0x000000ff, 0x00000000),
         shifts = (16, 8, 0, 0),
         losses =  (0, 0, 0, 8),
         current_w = 1536, current_h = 864
         pixel_format = SDL_PIXELFORMAT_RGB888)
>
Resolution X:	1536 px
Resolution Y:	803 px
PyClock:	<Clock(fps=0.00)>
CurrentTime:	120466
Epoch:	1744014218.0025904
PyGame Version:	2.6.1
[10:23:38]Database connection status: True, Connection object: <connection object at 0x0000020892FE2790; dsn: 'user=postgres password=xxx dbname='' host=localhost port=5432', closed: 0>
[10:24:38]
Resolution:
	<VideoInfo(hw = 0, wm = 1,video_mem = 0
         blit_hw = 0, blit_hw_CC = 0, blit_hw_A = 0,
         blit_sw = 0, blit_sw_CC = 0, blit_sw_A = 0,
         bitsize  = 32, bytesize = 4,
         masks =  (0x00ff0000, 0x0000ff00, 0x000000ff, 0x00000000),
         shifts = (16, 8, 0, 0),
         losses =  (0, 0, 0, 8),
         current_w = 1536, current_h = 864
         pixel_format = SDL_PIXELFORMAT_RGB888)
>
Resolution X:	1536 px
Resolution Y:	803 px
PyClock:	<Clock(fps=0.00)>
CurrentTime:	180464
Epoch:	1744014278.0005774
PyGame Version:	2.6.1
[10:24:38]Database connection status: True, Connection object: <connection object at 0x00000208932308C0; dsn: 'user=postgres password=xxx dbname='' host=localhost port=5432', closed: 0>
[10:25:38]
Resolution:
	<VideoInfo(hw = 0, wm = 1,video_mem = 0
         blit_hw = 0, blit_hw_CC = 0, blit_hw_A = 0,
         blit_sw = 0, blit_sw_CC = 0, blit_sw_A = 0,
         bitsize  = 32, bytesize = 4,
         masks =  (0x00ff0000, 0x0000ff00, 0x000000ff, 0x00000000),
         shifts = (16, 8, 0, 0),
         losses =  (0, 0, 0, 8),
         current_w = 1536, current_h = 864
         pixel_format = SDL_PIXELFORMAT_RGB888)
>
Resolution X:	1536 px
Resolution Y:	803 px
PyClock:	<Clock(fps=0.00)>
CurrentTime:	240490
Epoch:	1744014338.026248
PyGame Version:	2.6.1
[10:25:38]Database connection status: True, Connection object: <connection object at 0x0000020892FE2790; dsn: 'user=postgres password=xxx dbname='' host=localhost port=5432', closed: 0>
